<?xml version="1.0" encoding="UTF-8"?>
<!-- Generated by org.testng.reporters.JUnitXMLReporter -->
<testsuite hostname="LAPTOP-SFMINEN3" ignored="0" name="ChromeTest" tests="3" failures="0" timestamp="2021-10-01T22:19:12 CEST" time="52.495" errors="0">
  <testcase name="test" time="7.924" classname="testscripts.TC001"/>
  <testcase name="testCase2" time="10.877" classname="testscripts.TC002"/>
  <testcase name="testCase3" time="10.772" classname="testscripts.TC003"/>
</testsuite> <!-- ChromeTest -->
