<?xml version="1.0" encoding="UTF-8"?>
<!-- Generated by org.testng.reporters.JUnitXMLReporter -->
<testsuite hostname="LAPTOP-SFMINEN3" ignored="0" name="FirefoxTest" tests="3" failures="0" timestamp="2021-10-01T11:07:16 CEST" time="61.728" errors="0">
  <testcase name="test" time="7.676" classname="testscripts.TC001"/>
  <testcase name="testCase2" time="9.999" classname="testscripts.TC002"/>
  <testcase name="testCase3" time="9.409" classname="testscripts.TC003"/>
</testsuite> <!-- FirefoxTest -->
